<?xml version="1.0" encoding="UTF-8"?>
<!-- Generated by org.testng.reporters.JUnitReportReporter -->
<testsuite skipped="0" hostname="MHasan" name="testCases.TC" tests="2" failures="0" timestamp="2019-10-27T15:14:54 EDT" time="5.106" errors="0">
  <testcase name="TC_2" time="2.112" classname="testCases.TC"/>
  <testcase name="TC_1" time="2.994" classname="testCases.TC"/>
</testsuite> <!-- testCases.TC -->
