<?xml version="1.0" encoding="UTF-8"?>
<!-- Generated by org.testng.reporters.JUnitReportReporter -->
<testsuite skipped="0" hostname="MHasan" name="testCases.TC_2" tests="2" failures="0" timestamp="2019-10-29T17:22:26 EDT" time="15.149" errors="0">
  <testcase name="carloan" time="7.668" classname="testCases.TC_2"/>
  <testcase name="landingPage" time="7.481" classname="testCases.TC_2"/>
</testsuite> <!-- testCases.TC_2 -->
