<?xml version="1.0" encoding="UTF-8"?>
<!-- Generated by org.testng.reporters.JUnitReportReporter -->
<testsuite skipped="0" hostname="MHasan" name="tests.TC_1" tests="1" failures="0" timestamp="2019-10-26T14:13:43 EDT" time="9.010" errors="0">
  <testcase name="TC_11" time="9.010" classname="tests.TC_1"/>
</testsuite> <!-- tests.TC_1 -->
